capacitor.config.ts(1,38): error TS2307: Cannot find module '@capacitor/cli' or its corresponding type declarations.
services/seeder.ts(1,20): error TS2307: Cannot find module './db' or its corresponding type declarations.
